<?xml version="1.0" encoding="UTF-8"?>
<!-- Generated by org.testng.reporters.JUnitReportReporter -->
<testsuite hostname="Shan" failures="0" tests="1" name="com.swaglab.testcases.LoginPageTest" time="12.706" errors="0" timestamp="2023-06-13T22:43:06 IST" skipped="0">
  <testcase classname="com.swaglab.testcases.LoginPageTest" name="logintest" time="12.706"/>
  <system-out/>
</testsuite> <!-- com.swaglab.testcases.LoginPageTest -->
