<?xml version="1.0" encoding="UTF-8"?>
<!-- Generated by org.testng.reporters.JUnitReportReporter -->
<testsuite hostname="Shan" failures="0" tests="1" name="com.swaglab.testcases.HomePageTest" time="6.507" errors="0" timestamp="2023-06-12T22:02:58 IST" skipped="0">
  <testcase classname="com.swaglab.testcases.HomePageTest" name="HomePageTest" time="6.507"/>
  <system-out/>
</testsuite> <!-- com.swaglab.testcases.HomePageTest -->
